<?xml version="1.0" encoding="UTF-8"?>
<!-- Generated by org.testng.reporters.JUnitReportReporter -->
<testsuite skipped="0" hostname="pl1inpun1296nb" name="com.functionaltest.selenium.TestVerifyTitle" tests="2" failures="0" timestamp="2019-11-30T17:52:32 IST" time="27.630" errors="0">
  <testcase name="VerifyTitle" time="12.920" classname="com.functionaltest.selenium.TestVerifyTitle"/>
  <testcase name="Verifyurl" time="14.710" classname="com.functionaltest.selenium.TestVerifyTitle"/>
</testsuite> <!-- com.functionaltest.selenium.TestVerifyTitle -->
